  stdafx.cpp
  Capture.cpp
..\common\Capture.cpp(113): warning C4244: 'argument': conversion from 'int' to 'Gdiplus::REAL', possible loss of data
  ChangePassword.cpp
  cJSON.cpp
..\common\cJSON.cpp(112): warning C4996: 'sprintf': This function or variable may be unsafe. Consider using sprintf_s instead. To disable deprecation, use _CRT_SECURE_NO_WARNINGS. See online help for details.
  C:\Program Files (x86)\Windows Kits\10\Include\10.0.15063.0\ucrt\stdio.h(1772): note: see declaration of 'sprintf'
..\common\cJSON.cpp(119): warning C4996: 'sprintf': This function or variable may be unsafe. Consider using sprintf_s instead. To disable deprecation, use _CRT_SECURE_NO_WARNINGS. See online help for details.
  C:\Program Files (x86)\Windows Kits\10\Include\10.0.15063.0\ucrt\stdio.h(1772): note: see declaration of 'sprintf'
..\common\cJSON.cpp(120): warning C4996: 'sprintf': This function or variable may be unsafe. Consider using sprintf_s instead. To disable deprecation, use _CRT_SECURE_NO_WARNINGS. See online help for details.
  C:\Program Files (x86)\Windows Kits\10\Include\10.0.15063.0\ucrt\stdio.h(1772): note: see declaration of 'sprintf'
..\common\cJSON.cpp(121): warning C4996: 'sprintf': This function or variable may be unsafe. Consider using sprintf_s instead. To disable deprecation, use _CRT_SECURE_NO_WARNINGS. See online help for details.
  C:\Program Files (x86)\Windows Kits\10\Include\10.0.15063.0\ucrt\stdio.h(1772): note: see declaration of 'sprintf'
..\common\cJSON.cpp(229): warning C4996: 'sprintf': This function or variable may be unsafe. Consider using sprintf_s instead. To disable deprecation, use _CRT_SECURE_NO_WARNINGS. See online help for details.
  C:\Program Files (x86)\Windows Kits\10\Include\10.0.15063.0\ucrt\stdio.h(1772): note: see declaration of 'sprintf'
..\common\cJSON.cpp(348): warning C4996: 'strcpy': This function or variable may be unsafe. Consider using strcpy_s instead. To disable deprecation, use _CRT_SECURE_NO_WARNINGS. See online help for details.
  C:\Program Files (x86)\Windows Kits\10\Include\10.0.15063.0\ucrt\string.h(136): note: see declaration of 'strcpy'
..\common\cJSON.cpp(383): warning C4996: 'strcpy': This function or variable may be unsafe. Consider using strcpy_s instead. To disable deprecation, use _CRT_SECURE_NO_WARNINGS. See online help for details.
  C:\Program Files (x86)\Windows Kits\10\Include\10.0.15063.0\ucrt\string.h(136): note: see declaration of 'strcpy'
..\common\cJSON.cpp(482): warning C4996: 'strcpy': This function or variable may be unsafe. Consider using strcpy_s instead. To disable deprecation, use _CRT_SECURE_NO_WARNINGS. See online help for details.
  C:\Program Files (x86)\Windows Kits\10\Include\10.0.15063.0\ucrt\string.h(136): note: see declaration of 'strcpy'
..\common\cJSON.cpp(484): warning C4996: 'strcpy': This function or variable may be unsafe. Consider using strcpy_s instead. To disable deprecation, use _CRT_SECURE_NO_WARNINGS. See online help for details.
  C:\Program Files (x86)\Windows Kits\10\Include\10.0.15063.0\ucrt\string.h(136): note: see declaration of 'strcpy'
  cliplist.cpp
..\common\cliplist.cpp(507): warning C4244: 'argument': conversion from 'int' to 'Gdiplus::REAL', possible loss of data
..\common\cliplist.cpp(510): warning C4244: 'argument': conversion from 'int' to 'Gdiplus::REAL', possible loss of data
  CopyProgress.cpp
  crypt.cpp
  decoder.cpp
  dvrclientDlg.cpp
..\common\dvrclientDlg.cpp(1350): warning C4018: '<': signed/unsigned mismatch
..\common\dvrclientDlg.cpp(2486): warning C4101: 'r': unreferenced local variable
..\common\dvrclientDlg.cpp(4115): warning C4305: '=': truncation from 'double' to 'Gdiplus::REAL'
  RemoteIpDlg.cpp
  Screen.cpp
..\common\Screen.cpp(506): warning C4244: '=': conversion from 'double' to 'float', possible loss of data
..\common\Screen.cpp(513): warning C4244: '=': conversion from 'double' to 'float', possible loss of data
..\common\Screen.cpp(716): warning C4244: 'initializing': conversion from 'double' to 'float', possible loss of data
..\common\Screen.cpp(717): warning C4244: 'initializing': conversion from 'double' to 'float', possible loss of data
..\common\Screen.cpp(718): warning C4244: 'initializing': conversion from 'double' to 'float', possible loss of data
..\common\Screen.cpp(719): warning C4244: 'initializing': conversion from 'double' to 'float', possible loss of data
..\common\Screen.cpp(746): warning C4244: 'argument': conversion from 'double' to 'float', possible loss of data
..\common\Screen.cpp(855): warning C4244: '=': conversion from 'double' to 'float', possible loss of data
..\common\Screen.cpp(856): warning C4244: '=': conversion from 'double' to 'float', possible loss of data
..\common\Screen.cpp(858): warning C4305: '+=': truncation from 'double' to 'float'
..\common\Screen.cpp(859): warning C4305: '+=': truncation from 'double' to 'float'
..\common\Screen.cpp(860): warning C4305: '=': truncation from 'double' to 'float'
..\common\Screen.cpp(935): warning C4244: '=': conversion from 'double' to 'float', possible loss of data
..\common\Screen.cpp(938): warning C4244: '=': conversion from 'double' to 'float', possible loss of data
..\common\Screen.cpp(1114): warning C4305: '=': truncation from 'double' to 'float'
..\common\Screen.cpp(1119): warning C4244: '=': conversion from 'double' to 'float', possible loss of data
..\common\Screen.cpp(1120): warning C4244: '=': conversion from 'double' to 'float', possible loss of data
  SelectCamera.cpp
  SelectDvr.cpp
  sliderbar.cpp
..\common\sliderbar.cpp(20): warning C4244: 'argument': conversion from 'LONG' to 'Gdiplus::REAL', possible loss of data
..\common\sliderbar.cpp(22): warning C4244: 'argument': conversion from 'LONG' to 'Gdiplus::REAL', possible loss of data
..\common\sliderbar.cpp(38): warning C4244: 'argument': conversion from 'UINT' to 'Gdiplus::REAL', possible loss of data
..\common\sliderbar.cpp(45): warning C4244: 'argument': conversion from 'UINT' to 'Gdiplus::REAL', possible loss of data
..\common\sliderbar.cpp(180): warning C4244: 'argument': conversion from 'int' to 'Gdiplus::REAL', possible loss of data
..\common\sliderbar.cpp(201): warning C4244: '=': conversion from 'int' to 'Gdiplus::REAL', possible loss of data
..\common\sliderbar.cpp(202): warning C4244: '=': conversion from 'LONG' to 'Gdiplus::REAL', possible loss of data
..\common\sliderbar.cpp(212): warning C4244: '=': conversion from 'int' to 'Gdiplus::REAL', possible loss of data
..\common\sliderbar.cpp(218): warning C4244: '=': conversion from 'int' to 'Gdiplus::REAL', possible loss of data
  User.cpp
  UserNew.cpp
  util.cpp
  volumebar.cpp
  DVRViewer.cpp
  Generating code
  718 of 718 functions (100.0%) were compiled, the rest were copied from previous compilation.
    59 functions were new in current compilation
    0 functions had inline decision re-evaluated but remain unchanged
  Finished generating code
  PortableViewer.vcxproj -> D:\proj\DVR\DVRCLIENT_V3\Viewers\Release\PortableViewer.exe
  PortableViewer.vcxproj -> D:\proj\DVR\DVRCLIENT_V3\Viewers\Release\PortableViewer.pdb (Full PDB)
